# JRE version: OpenJDK Runtime Environment Temurin-21.0.10+7 (21.0.10+7) (build 21.0.10+7-LTS)
# Java VM: OpenJDK 64-Bit Server VM Temurin-21.0.10+7 (21.0.10+7-LTS, mixed mode, sharing, tiered, compressed oops, compressed class ptrs, parallel gc, windows-amd64)
GC Precious Log:
 CardTable entry size: 512
 CPUs: 12 total, 12 available
 Memory: 32616M
 Large Page Support: Disabled
 NUMA Support: Disabled
 Compressed Oops: Enabled (32-bit)
 Alignments: Space 512K, Generation 512K, Heap 2M
 Heap Min Capacity: 100M
 Heap Initial Capacity: 100M
 Heap Max Capacity: 2G
 Pre-touch: Disabled
 Parallel Workers: 10
Heap:
 PSYoungGen      total 14848K, used 2368K [0x00000000d5580000, 0x00000000d6600000, 0x0000000100000000)
  eden space 13824K, 9% used [0x00000000d5580000,0x00000000d56d31c0,0x00000000d6300000)
  from space 1024K, 98% used [0x00000000d6480000,0x00000000d657d050,0x00000000d6580000)
  to   space 1536K, 0% used [0x00000000d6300000,0x00000000d6300000,0x00000000d6480000)
 ParOldGen       total 109568K, used 109419K [0x0000000080000000, 0x0000000086b00000, 0x00000000d5580000)
  object space 109568K, 99% used [0x0000000080000000,0x0000000086adae58,0x0000000086b00000)
 Metaspace       used 73480K, committed 75072K, reserved 1179648K
  class space    used 7853K, committed 8576K, reserved 1048576K
GC Heap History (20 events):
Event: 25.820 GC heap before
{Heap before GC invocations=86 (full 3):
 PSYoungGen      total 15360K, used 14851K [0x00000000d5580000, 0x00000000d6680000, 0x0000000100000000)
  eden space 13824K, 100% used [0x00000000d5580000,0x00000000d6300000,0x00000000d6300000)
  from space 1536K, 66% used [0x00000000d6500000,0x00000000d6600da0,0x00000000d6680000)
  to   space 1536K, 0% used [0x00000000d6380000,0x00000000d6380000,0x00000000d6500000)
 ParOldGen       total 73216K, used 73046K [0x0000000080000000, 0x0000000084780000, 0x00000000d5580000)
  object space 73216K, 99% used [0x0000000080000000,0x0000000084755940,0x0000000084780000)
 Metaspace       used 67841K, committed 69248K, reserved 1114112K
  class space    used 7370K, committed 8000K, reserved 1048576K
}
Event: 25.823 GC heap after
{Heap after GC invocations=86 (full 3):
 PSYoungGen      total 15360K, used 1504K [0x00000000d5580000, 0x00000000d6e00000, 0x0000000100000000)
  eden space 13824K, 0% used [0x00000000d5580000,0x00000000d5580000,0x00000000d6300000)
  from space 1536K, 97% used [0x00000000d6380000,0x00000000d64f8010,0x00000000d6500000)
  to   space 5632K, 0% used [0x00000000d6880000,0x00000000d6880000,0x00000000d6e00000)
 ParOldGen       total 76288K, used 76106K [0x0000000080000000, 0x0000000084a80000, 0x00000000d5580000)
  object space 76288K, 99% used [0x0000000080000000,0x0000000084a52b78,0x0000000084a80000)
 Metaspace       used 67841K, committed 69248K, reserved 1114112K
  class space    used 7370K, committed 8000K, reserved 1048576K
}
Event: 25.880 GC heap before
{Heap before GC invocations=87 (full 3):
 PSYoungGen      total 15360K, used 15328K [0x00000000d5580000, 0x00000000d6e00000, 0x0000000100000000)
  eden space 13824K, 100% used [0x00000000d5580000,0x00000000d6300000,0x00000000d6300000)
  from space 1536K, 97% used [0x00000000d6380000,0x00000000d64f8010,0x00000000d6500000)
  to   space 5632K, 0% used [0x00000000d6880000,0x00000000d6880000,0x00000000d6e00000)
 ParOldGen       total 76288K, used 76106K [0x0000000080000000, 0x0000000084a80000, 0x00000000d5580000)
  object space 76288K, 99% used [0x0000000080000000,0x0000000084a52b78,0x0000000084a80000)
 Metaspace       used 68500K, committed 69952K, reserved 1114112K
  class space    used 7421K, committed 8064K, reserved 1048576K
}
Event: 25.882 GC heap after
{Heap after GC invocations=87 (full 3):
 PSYoungGen      total 17920K, used 3747K [0x00000000d5580000, 0x00000000d6c80000, 0x0000000100000000)
  eden space 13824K, 0% used [0x00000000d5580000,0x00000000d5580000,0x00000000d6300000)
  from space 4096K, 91% used [0x00000000d6880000,0x00000000d6c28d28,0x00000000d6c80000)
  to   space 4096K, 0% used [0x00000000d6480000,0x00000000d6480000,0x00000000d6880000)
 ParOldGen       total 77824K, used 77583K [0x0000000080000000, 0x0000000084c00000, 0x00000000d5580000)
  object space 77824K, 99% used [0x0000000080000000,0x0000000084bc3da0,0x0000000084c00000)
 Metaspace       used 68500K, committed 69952K, reserved 1114112K
  class space    used 7421K, committed 8064K, reserved 1048576K
}
Event: 25.955 GC heap before
{Heap before GC invocations=88 (full 3):
 PSYoungGen      total 17920K, used 17571K [0x00000000d5580000, 0x00000000d6c80000, 0x0000000100000000)
  eden space 13824K, 100% used [0x00000000d5580000,0x00000000d6300000,0x00000000d6300000)
  from space 4096K, 91% used [0x00000000d6880000,0x00000000d6c28d28,0x00000000d6c80000)
  to   space 4096K, 0% used [0x00000000d6480000,0x00000000d6480000,0x00000000d6880000)
 ParOldGen       total 77824K, used 77583K [0x0000000080000000, 0x0000000084c00000, 0x00000000d5580000)
  object space 77824K, 99% used [0x0000000080000000,0x0000000084bc3da0,0x0000000084c00000)
 Metaspace       used 69284K, committed 70784K, reserved 1114112K
  class space    used 7485K, committed 8128K, reserved 1048576K
}
Event: 25.958 GC heap after
{Heap after GC invocations=88 (full 3):
 PSYoungGen      total 16384K, used 2386K [0x00000000d5580000, 0x00000000d6900000, 0x0000000100000000)
  eden space 13824K, 0% used [0x00000000d5580000,0x00000000d5580000,0x00000000d6300000)
  from space 2560K, 93% used [0x00000000d6480000,0x00000000d66d4820,0x00000000d6700000)
  to   space 2048K, 0% used [0x00000000d6700000,0x00000000d6700000,0x00000000d6900000)
 ParOldGen       total 81408K, used 81204K [0x0000000080000000, 0x0000000084f80000, 0x00000000d5580000)
  object space 81408K, 99% used [0x0000000080000000,0x0000000084f4d338,0x0000000084f80000)
 Metaspace       used 69284K, committed 70784K, reserved 1114112K
  class space    used 7485K, committed 8128K, reserved 1048576K
}
Event: 26.088 GC heap before
{Heap before GC invocations=89 (full 3):
 PSYoungGen      total 16384K, used 16210K [0x00000000d5580000, 0x00000000d6900000, 0x0000000100000000)
  eden space 13824K, 100% used [0x00000000d5580000,0x00000000d6300000,0x00000000d6300000)
  from space 2560K, 93% used [0x00000000d6480000,0x00000000d66d4820,0x00000000d6700000)
  to   space 2048K, 0% used [0x00000000d6700000,0x00000000d6700000,0x00000000d6900000)
 ParOldGen       total 81408K, used 81204K [0x0000000080000000, 0x0000000084f80000, 0x00000000d5580000)
  object space 81408K, 99% used [0x0000000080000000,0x0000000084f4d338,0x0000000084f80000)
 Metaspace       used 70336K, committed 71808K, reserved 1114112K
  class space    used 7592K, committed 8256K, reserved 1048576K
}
Event: 26.090 GC heap after
{Heap after GC invocations=89 (full 3):
 PSYoungGen      total 15872K, used 2045K [0x00000000d5580000, 0x00000000d6a00000, 0x0000000100000000)
  eden space 13824K, 0% used [0x00000000d5580000,0x00000000d5580000,0x00000000d6300000)
  from space 2048K, 99% used [0x00000000d6700000,0x00000000d68ff5a0,0x00000000d6900000)
  to   space 3584K, 0% used [0x00000000d6300000,0x00000000d6300000,0x00000000d6680000)
 ParOldGen       total 82944K, used 82475K [0x0000000080000000, 0x0000000085100000, 0x00000000d5580000)
  object space 82944K, 99% used [0x0000000080000000,0x000000008508ac38,0x0000000085100000)
 Metaspace       used 70336K, committed 71808K, reserved 1114112K
  class space    used 7592K, committed 8256K, reserved 1048576K
}
Event: 26.189 GC heap before
{Heap before GC invocations=90 (full 3):
 PSYoungGen      total 15872K, used 15869K [0x00000000d5580000, 0x00000000d6a00000, 0x0000000100000000)
  eden space 13824K, 100% used [0x00000000d5580000,0x00000000d6300000,0x00000000d6300000)
  from space 2048K, 99% used [0x00000000d6700000,0x00000000d68ff5a0,0x00000000d6900000)
  to   space 3584K, 0% used [0x00000000d6300000,0x00000000d6300000,0x00000000d6680000)
 ParOldGen       total 82944K, used 82475K [0x0000000080000000, 0x0000000085100000, 0x00000000d5580000)
  object space 82944K, 99% used [0x0000000080000000,0x000000008508ac38,0x0000000085100000)
 Metaspace       used 70719K, committed 72128K, reserved 1114112K
  class space    used 7617K, committed 8256K, reserved 1048576K
}
Event: 26.191 GC heap after
{Heap after GC invocations=90 (full 3):
 PSYoungGen      total 15360K, used 1312K [0x00000000d5580000, 0x00000000d6800000, 0x0000000100000000)
  eden space 13824K, 0% used [0x00000000d5580000,0x00000000d5580000,0x00000000d6300000)
  from space 1536K, 85% used [0x00000000d6300000,0x00000000d6448000,0x00000000d6480000)
  to   space 2560K, 0% used [0x00000000d6580000,0x00000000d6580000,0x00000000d6800000)
 ParOldGen       total 84480K, used 84299K [0x0000000080000000, 0x0000000085280000, 0x00000000d5580000)
  object space 84480K, 99% used [0x0000000080000000,0x0000000085252e48,0x0000000085280000)
 Metaspace       used 70719K, committed 72128K, reserved 1114112K
  class space    used 7617K, committed 8256K, reserved 1048576K
}
Event: 26.271 GC heap before
{Heap before GC invocations=91 (full 3):
 PSYoungGen      total 15360K, used 15136K [0x00000000d5580000, 0x00000000d6800000, 0x0000000100000000)
  eden space 13824K, 100% used [0x00000000d5580000,0x00000000d6300000,0x00000000d6300000)
  from space 1536K, 85% used [0x00000000d6300000,0x00000000d6448000,0x00000000d6480000)
  to   space 2560K, 0% used [0x00000000d6580000,0x00000000d6580000,0x00000000d6800000)
 ParOldGen       total 84480K, used 84299K [0x0000000080000000, 0x0000000085280000, 0x00000000d5580000)
  object space 84480K, 99% used [0x0000000080000000,0x0000000085252e48,0x0000000085280000)
 Metaspace       used 71226K, committed 72704K, reserved 1114112K
  class space    used 7668K, committed 8320K, reserved 1048576K
}
Event: 26.273 GC heap after
{Heap after GC invocations=91 (full 3):
 PSYoungGen      total 15360K, used 1264K [0x00000000d5580000, 0x00000000d6700000, 0x0000000100000000)
  eden space 13824K, 0% used [0x00000000d5580000,0x00000000d5580000,0x00000000d6300000)
  from space 1536K, 82% used [0x00000000d6580000,0x00000000d66bc010,0x00000000d6700000)
  to   space 1536K, 0% used [0x00000000d6300000,0x00000000d6300000,0x00000000d6480000)
 ParOldGen       total 84992K, used 84707K [0x0000000080000000, 0x0000000085300000, 0x00000000d5580000)
  object space 84992K, 99% used [0x0000000080000000,0x00000000852b8e48,0x0000000085300000)
 Metaspace       used 71226K, committed 72704K, reserved 1114112K
  class space    used 7668K, committed 8320K, reserved 1048576K
}
Event: 26.437 GC heap before
{Heap before GC invocations=92 (full 3):
 PSYoungGen      total 15360K, used 15088K [0x00000000d5580000, 0x00000000d6700000, 0x0000000100000000)
  eden space 13824K, 100% used [0x00000000d5580000,0x00000000d6300000,0x00000000d6300000)
  from space 1536K, 82% used [0x00000000d6580000,0x00000000d66bc010,0x00000000d6700000)
  to   space 1536K, 0% used [0x00000000d6300000,0x00000000d6300000,0x00000000d6480000)
 ParOldGen       total 84992K, used 84707K [0x0000000080000000, 0x0000000085300000, 0x00000000d5580000)
  object space 84992K, 99% used [0x0000000080000000,0x00000000852b8e48,0x0000000085300000)
 Metaspace       used 71597K, committed 73088K, reserved 1114112K
  class space    used 7682K, committed 8320K, reserved 1048576K
}
Event: 26.438 GC heap after
{Heap after GC invocations=92 (full 3):
 PSYoungGen      total 15360K, used 320K [0x00000000d5580000, 0x00000000d6600000, 0x0000000100000000)
  eden space 13824K, 0% used [0x00000000d5580000,0x00000000d5580000,0x00000000d6300000)
  from space 1536K, 20% used [0x00000000d6300000,0x00000000d6350000,0x00000000d6480000)
  to   space 1024K, 0% used [0x00000000d6500000,0x00000000d6500000,0x00000000d6600000)
 ParOldGen       total 85504K, used 85059K [0x0000000080000000, 0x0000000085380000, 0x00000000d5580000)
  object space 85504K, 99% used [0x0000000080000000,0x0000000085310e48,0x0000000085380000)
 Metaspace       used 71597K, committed 73088K, reserved 1114112K
  class space    used 7682K, committed 8320K, reserved 1048576K
}
Event: 26.780 GC heap before
{Heap before GC invocations=93 (full 3):
 PSYoungGen      total 15360K, used 14137K [0x00000000d5580000, 0x00000000d6600000, 0x0000000100000000)
  eden space 13824K, 99% used [0x00000000d5580000,0x00000000d62fe720,0x00000000d6300000)
  from space 1536K, 20% used [0x00000000d6300000,0x00000000d6350000,0x00000000d6480000)
  to   space 1024K, 0% used [0x00000000d6500000,0x00000000d6500000,0x00000000d6600000)
 ParOldGen       total 85504K, used 85059K [0x0000000080000000, 0x0000000085380000, 0x00000000d5580000)
  object space 85504K, 99% used [0x0000000080000000,0x0000000085310e48,0x0000000085380000)
 Metaspace       used 71991K, committed 73536K, reserved 1114112K
  class space    used 7729K, committed 8384K, reserved 1048576K
}
Event: 26.781 GC heap after
{Heap after GC invocations=93 (full 3):
 PSYoungGen      total 14848K, used 960K [0x00000000d5580000, 0x00000000d6600000, 0x0000000100000000)
  eden space 13824K, 0% used [0x00000000d5580000,0x00000000d5580000,0x00000000d6300000)
  from space 1024K, 93% used [0x00000000d6500000,0x00000000d65f0000,0x00000000d6600000)
  to   space 1536K, 0% used [0x00000000d6300000,0x00000000d6300000,0x00000000d6480000)
 ParOldGen       total 85504K, used 85227K [0x0000000080000000, 0x0000000085380000, 0x00000000d5580000)
  object space 85504K, 99% used [0x0000000080000000,0x000000008533ae48,0x0000000085380000)
 Metaspace       used 71991K, committed 73536K, reserved 1114112K
  class space    used 7729K, committed 8384K, reserved 1048576K
}
Event: 26.876 GC heap before
{Heap before GC invocations=94 (full 3):
 PSYoungGen      total 14848K, used 14784K [0x00000000d5580000, 0x00000000d6600000, 0x0000000100000000)
  eden space 13824K, 100% used [0x00000000d5580000,0x00000000d6300000,0x00000000d6300000)
  from space 1024K, 93% used [0x00000000d6500000,0x00000000d65f0000,0x00000000d6600000)
  to   space 1536K, 0% used [0x00000000d6300000,0x00000000d6300000,0x00000000d6480000)
 ParOldGen       total 109056K, used 108267K [0x0000000080000000, 0x0000000086a80000, 0x00000000d5580000)
  object space 109056K, 99% used [0x0000000080000000,0x00000000869bae68,0x0000000086a80000)
 Metaspace       used 72530K, committed 74048K, reserved 1179648K
  class space    used 7786K, committed 8448K, reserved 1048576K
}
Event: 26.877 GC heap after
{Heap after GC invocations=94 (full 3):
 PSYoungGen      total 15360K, used 538K [0x00000000d5580000, 0x00000000d6580000, 0x0000000100000000)
  eden space 13824K, 0% used [0x00000000d5580000,0x00000000d5580000,0x00000000d6300000)
  from space 1536K, 35% used [0x00000000d6300000,0x00000000d63868c8,0x00000000d6480000)
  to   space 1024K, 0% used [0x00000000d6480000,0x00000000d6480000,0x00000000d6580000)
 ParOldGen       total 109056K, used 109051K [0x0000000080000000, 0x0000000086a80000, 0x00000000d5580000)
  object space 109056K, 99% used [0x0000000080000000,0x0000000086a7ee68,0x0000000086a80000)
 Metaspace       used 72530K, committed 74048K, reserved 1179648K
  class space    used 7786K, committed 8448K, reserved 1048576K
}
Event: 325.864 GC heap before
{Heap before GC invocations=95 (full 3):
 PSYoungGen      total 15360K, used 14362K [0x00000000d5580000, 0x00000000d6580000, 0x0000000100000000)
  eden space 13824K, 100% used [0x00000000d5580000,0x00000000d6300000,0x00000000d6300000)
  from space 1536K, 35% used [0x00000000d6300000,0x00000000d63868c8,0x00000000d6480000)
  to   space 1024K, 0% used [0x00000000d6480000,0x00000000d6480000,0x00000000d6580000)
 ParOldGen       total 109056K, used 109051K [0x0000000080000000, 0x0000000086a80000, 0x00000000d5580000)
  object space 109056K, 99% used [0x0000000080000000,0x0000000086a7ee68,0x0000000086a80000)
 Metaspace       used 73350K, committed 74944K, reserved 1179648K
  class space    used 7853K, committed 8576K, reserved 1048576K
}
Event: 325.865 GC heap after
{Heap after GC invocations=95 (full 3):
 PSYoungGen      total 14848K, used 1012K [0x00000000d5580000, 0x00000000d6600000, 0x0000000100000000)
  eden space 13824K, 0% used [0x00000000d5580000,0x00000000d5580000,0x00000000d6300000)
  from space 1024K, 98% used [0x00000000d6480000,0x00000000d657d050,0x00000000d6580000)
  to   space 1536K, 0% used [0x00000000d6300000,0x00000000d6300000,0x00000000d6480000)
 ParOldGen       total 109568K, used 109419K [0x0000000080000000, 0x0000000086b00000, 0x00000000d5580000)
  object space 109568K, 99% used [0x0000000080000000,0x0000000086adae58,0x0000000086b00000)
 Metaspace       used 73350K, committed 74944K, reserved 1179648K
  class space    used 7853K, committed 8576K, reserved 1048576K
}

